[master (root-commit) 30334ca] otal of otalmax
 Committer: CS251 Account <cs251@data.cs.purdue.edu>
Your name and email address were configured automatically based
on your username and hostname. Please check that they are accurate.
You can suppress this message by setting them explicitly:

    git config --global user.name "Your Name"
    git config --global user.email you@example.com

After doing this, you may fix the identity used for this commit with:

    git commit --amend --reset-author

 9 files changed, 732 insertions(+)
 create mode 100644 Makefile
 create mode 100644 SimpleHTMLParser.cpp
 create mode 100644 SimpleHTMLParser.h
 create mode 100644 fetchHTML.h
 create mode 100644 gethttp.cpp
 create mode 100644 openhttp.cpp
 create mode 100644 openhttp.h
 create mode 100644 webcrawler.cpp
 create mode 100644 webcrawler.h
[master 8447795] Commit web-crawler
 Committer: CS251 Account <cs251@data.cs.purdue.edu>
Your name and email address were configured automatically based
on your username and hostname. Please check that they are accurate.
You can suppress this message by setting them explicitly:

    git config --global user.name "Your Name"
    git config --global user.email you@example.com

After doing this, you may fix the identity used for this commit with:

    git commit --amend --reset-author

 1 file changed, 1 insertion(+), 1 deletion(-)
[master 12c694a] Commit web-crawler
 Committer: CS251 Account <cs251@data.cs.purdue.edu>
Your name and email address were configured automatically based
on your username and hostname. Please check that they are accurate.
You can suppress this message by setting them explicitly. Run the
following command and follow the instructions in your editor to edit
your configuration file:

    git config --global --edit

After doing this, you may fix the identity used for this commit with:

    git commit --amend --reset-author

 2 files changed, 39 insertions(+), 1 deletion(-)
 create mode 100644 .local.git.out
[master 25dfb4f] Commit web-crawler
 Committer: CS251 Account <cs251@data.cs.purdue.edu>
Your name and email address were configured automatically based
on your username and hostname. Please check that they are accurate.
You can suppress this message by setting them explicitly. Run the
following command and follow the instructions in your editor to edit
your configuration file:

    git config --global --edit

After doing this, you may fix the identity used for this commit with:

    git commit --amend --reset-author

 1 file changed, 16 insertions(+)
[master 3af5024] Commit web-crawler
 Committer: CS251 Account <cs251@data.cs.purdue.edu>
Your name and email address were configured automatically based
on your username and hostname. Please check that they are accurate.
You can suppress this message by setting them explicitly. Run the
following command and follow the instructions in your editor to edit
your configuration file:

    git config --global --edit

After doing this, you may fix the identity used for this commit with:

    git commit --amend --reset-author

 2 files changed, 74 insertions(+)
 create mode 100644 gethttps.cpp
[master 6afe24e] Commit web-crawler
 Committer: CS251 Account <cs251@data.cs.purdue.edu>
Your name and email address were configured automatically based
on your username and hostname. Please check that they are accurate.
You can suppress this message by setting them explicitly. Run the
following command and follow the instructions in your editor to edit
your configuration file:

    git config --global --edit

After doing this, you may fix the identity used for this commit with:

    git commit --amend --reset-author

 7 files changed, 96 insertions(+), 31 deletions(-)
 rename openhttp.cpp => openhttp-old.cpp (100%)
 create mode 100644 openhttp-old.h
 rename gethttps.cpp => openhttp.cpp (55%)
[master 3aca6b1] Commit web-crawler
 Committer: CS251 Account <cs251@data.cs.purdue.edu>
Your name and email address were configured automatically based
on your username and hostname. Please check that they are accurate.
You can suppress this message by setting them explicitly. Run the
following command and follow the instructions in your editor to edit
your configuration file:

    git config --global --edit

After doing this, you may fix the identity used for this commit with:

    git commit --amend --reset-author

 1 file changed, 18 insertions(+)
[master b27d405] Commit web-crawler
 Committer: CS251 Account <cs251@data.cs.purdue.edu>
Your name and email address were configured automatically based
on your username and hostname. Please check that they are accurate.
You can suppress this message by setting them explicitly. Run the
following command and follow the instructions in your editor to edit
your configuration file:

    git config --global --edit

After doing this, you may fix the identity used for this commit with:

    git commit --amend --reset-author

 2 files changed, 17 insertions(+), 2 deletions(-)
[master d415faf] Commit web-crawler
 Committer: CS251 Account <cs251@data.cs.purdue.edu>
Your name and email address were configured automatically based
on your username and hostname. Please check that they are accurate.
You can suppress this message by setting them explicitly. Run the
following command and follow the instructions in your editor to edit
your configuration file:

    git config --global --edit

After doing this, you may fix the identity used for this commit with:

    git commit --amend --reset-author

 2 files changed, 16 insertions(+), 1 deletion(-)
[master (root-commit) 79069ab] Commit web-crawler
 Committer: CS251 Account <cs251@data.cs.purdue.edu>
Your name and email address were configured automatically based
on your username and hostname. Please check that they are accurate.
You can suppress this message by setting them explicitly. Run the
following command and follow the instructions in your editor to edit
your configuration file:

    git config --global --edit

After doing this, you may fix the identity used for this commit with:

    git commit --amend --reset-author

 12 files changed, 987 insertions(+)
 create mode 100644 .local.git.out
 create mode 100644 Makefile
 create mode 100644 SimpleHTMLParser.cpp
 create mode 100644 SimpleHTMLParser.h
 create mode 100644 fetchHTML.h
 create mode 100644 gethttp.cpp
 create mode 100644 openhttp-old.cpp
 create mode 100644 openhttp-old.h
 create mode 100644 openhttp.cpp
 create mode 100644 openhttp.h
 create mode 100644 webcrawler.cpp
 create mode 100644 webcrawler.h
[master 629f805] Commit web-crawler
 Committer: CS251 Account <cs251@data.cs.purdue.edu>
Your name and email address were configured automatically based
on your username and hostname. Please check that they are accurate.
You can suppress this message by setting them explicitly. Run the
following command and follow the instructions in your editor to edit
your configuration file:

    git config --global --edit

After doing this, you may fix the identity used for this commit with:

    git commit --amend --reset-author

 1 file changed, 27 insertions(+)
[master 48c7250] Commit web-crawler
 Committer: CS251 Account <cs251@data.cs.purdue.edu>
Your name and email address were configured automatically based
on your username and hostname. Please check that they are accurate.
You can suppress this message by setting them explicitly. Run the
following command and follow the instructions in your editor to edit
your configuration file:

    git config --global --edit

After doing this, you may fix the identity used for this commit with:

    git commit --amend --reset-author

 2 files changed, 16 insertions(+)
[master 13c2b2a] Commit web-crawler
 1 file changed, 15 insertions(+)
[master 2aeac9a] Commit web-crawler
 2 files changed, 20 insertions(+)
[master 88cb941] Commit web-crawler
 2 files changed, 26 insertions(+), 2 deletions(-)
[master b08355f] Commit web-crawler
 2 files changed, 4 insertions(+), 1 deletion(-)
[master e2aa44b] Commit web-crawler
 3 files changed, 11 insertions(+), 1 deletion(-)
[master eeb4cca] Commit web-crawler
 5 files changed, 210 insertions(+), 3 deletions(-)
 create mode 100644 HashTableTemplate.h
[master f39aae0] Commit web-crawler
 2 files changed, 4 insertions(+), 1 deletion(-)
[master 4a3c01c] Commit web-crawler
 1 file changed, 2 insertions(+)
[master be0a325] Commit web-crawler
 2 files changed, 3 insertions(+), 1 deletion(-)
[master 23f9807] Commit web-crawler
 2 files changed, 3 insertions(+), 1 deletion(-)
[master cd4f07e] Commit web-crawler
 2 files changed, 3 insertions(+), 1 deletion(-)
[master 50382a8] Commit web-crawler
 2 files changed, 3 insertions(+), 1 deletion(-)
[master 924a9c7] Commit web-crawler
 2 files changed, 3 insertions(+), 1 deletion(-)
[master 1abba3d] Commit web-crawler
 2 files changed, 3 insertions(+), 1 deletion(-)
[master 1a0674b] Commit web-crawler
 2 files changed, 3 insertions(+), 1 deletion(-)
[master 0ffe149] Commit web-crawler
 2 files changed, 3 insertions(+)
[master f32fca9] Commit web-crawler
 3 files changed, 18 insertions(+), 5 deletions(-)
[master c4de62b] Commit web-crawler
 3 files changed, 6 insertions(+), 4 deletions(-)
[master 2a92fa8] Commit web-crawler
 3 files changed, 152 insertions(+), 9 deletions(-)
[master 159d596] Commit web-crawler
 2 files changed, 4 insertions(+), 1 deletion(-)
[master 0be899a] Commit web-crawler
 3 files changed, 8 insertions(+), 1 deletion(-)
 create mode 100644 README
[master c73a416] Commit web-crawler
 2 files changed, 4 insertions(+), 1 deletion(-)
[master 38010d8] Commit web-crawler
 1 file changed, 2 insertions(+)
[master c0bc0bf] Commit web-crawler
 2 files changed, 11 insertions(+), 5 deletions(-)
[master 7a7b82a] Commit web-crawler
 1 file changed, 2 insertions(+)
[master 0481621] Commit web-crawler
 2 files changed, 5 insertions(+), 3 deletions(-)
[master 63baddf] Commit web-crawler
 2 files changed, 4 insertions(+), 2 deletions(-)
[master b44ef18] Commit web-crawler
 2 files changed, 4 insertions(+), 2 deletions(-)
[master 980a6c3] Commit web-crawler
 3 files changed, 7 insertions(+), 3 deletions(-)
[master 614b1cb] Commit web-crawler
 2 files changed, 3 insertions(+), 1 deletion(-)
[master 901cbe1] Commit web-crawler
 2 files changed, 6 insertions(+), 4 deletions(-)
[master 0eba054] Commit web-crawler
 2 files changed, 4 insertions(+), 2 deletions(-)
[master 2afa114] Commit web-crawler
 3 files changed, 3 insertions(+), 2 deletions(-)
[master f9c9fc3] Commit web-crawler
 2 files changed, 3 insertions(+), 1 deletion(-)
[master b8f8512] Commit web-crawler
 2 files changed, 3 insertions(+), 1 deletion(-)
[master fc3e6e2] Commit web-crawler
 2 files changed, 4 insertions(+), 2 deletions(-)
[master 322543b] Commit web-crawler
 2 files changed, 4 insertions(+), 2 deletions(-)
[master 748e1f5] Commit web-crawler
 2 files changed, 3 insertions(+), 1 deletion(-)
[master c941e5e] Commit web-crawler
 2 files changed, 4 insertions(+), 2 deletions(-)
[master a987db4] Commit web-crawler
 2 files changed, 3 insertions(+), 1 deletion(-)
[master 4346182] Commit web-crawler
 2 files changed, 4 insertions(+), 2 deletions(-)
[master c7d2799] Commit web-crawler
 2 files changed, 3 insertions(+), 1 deletion(-)
[master 04f72fd] Commit web-crawler
 2 files changed, 4 insertions(+), 2 deletions(-)
[master cc77920] Commit web-crawler
 2 files changed, 3 insertions(+), 1 deletion(-)
[master 824777d] Commit web-crawler
 2 files changed, 4 insertions(+), 2 deletions(-)
[master d005bbd] Commit web-crawler
 2 files changed, 7 insertions(+), 5 deletions(-)
[master 3e61d20] Commit web-crawler
 2 files changed, 3 insertions(+), 1 deletion(-)
[master 16c99ea] Commit web-crawler
 2 files changed, 3 insertions(+), 1 deletion(-)
[master a22adec] Commit web-crawler
 2 files changed, 3 insertions(+), 1 deletion(-)
[master e791b9c] Commit web-crawler
 2 files changed, 3 insertions(+), 1 deletion(-)
[master ff84a31] Commit web-crawler
 2 files changed, 3 insertions(+), 1 deletion(-)
[master 1a10007] Commit web-crawler
 2 files changed, 4 insertions(+), 2 deletions(-)
[master e5cc33b] Commit web-crawler
 2 files changed, 4 insertions(+), 2 deletions(-)
[master 2fe845b] Commit web-crawler
 2 files changed, 3 insertions(+), 1 deletion(-)
[master c3a6a48] Commit web-crawler
 2 files changed, 3 insertions(+), 1 deletion(-)
[master 326e7b2] Commit web-crawler
 2 files changed, 3 insertions(+), 1 deletion(-)
[master 48092ef] Commit web-crawler
 2 files changed, 3 insertions(+), 1 deletion(-)
[master 5585bc3] Commit web-crawler
 2 files changed, 3 insertions(+), 1 deletion(-)
[master 30ad6cc] Commit web-crawler
 2 files changed, 3 insertions(+), 1 deletion(-)
[master fb06e5e] Commit web-crawler
 2 files changed, 3 insertions(+), 1 deletion(-)
[master 204f257] Commit web-crawler
 2 files changed, 4 insertions(+), 2 deletions(-)
[master bf4b19e] Commit web-crawler
 2 files changed, 3 insertions(+), 1 deletion(-)
[master 03eaf7a] Commit web-crawler
 2 files changed, 3 insertions(+), 1 deletion(-)
[master fed3ed2] Commit web-crawler
 2 files changed, 3 insertions(+), 1 deletion(-)
[master 5b1d6da] Commit web-crawler
 2 files changed, 3 insertions(+), 1 deletion(-)
[master b8dd46d] Commit web-crawler
 2 files changed, 3 insertions(+), 1 deletion(-)
[master 6d920f0] Commit web-crawler
 2 files changed, 3 insertions(+), 1 deletion(-)
[master e4a2312] Commit web-crawler
 2 files changed, 3 insertions(+)
[master a645bc8] Commit web-crawler
 2 files changed, 2 insertions(+), 1 deletion(-)
[master 52bb7ba] Commit web-crawler
 2 files changed, 4 insertions(+), 2 deletions(-)
[master d3914dc] Commit web-crawler
 2 files changed, 3 insertions(+), 1 deletion(-)
[master 1840ec7] Commit web-crawler
 2 files changed, 3 insertions(+)
[master cc4e691] Commit web-crawler
 2 files changed, 3 insertions(+), 1 deletion(-)
[master 30dfd26] Commit web-crawler
 2 files changed, 3 insertions(+)
[master 06d9bf1] Commit web-crawler
 2 files changed, 3 insertions(+), 1 deletion(-)
[master 37c6f66] Commit web-crawler
 2 files changed, 3 insertions(+), 1 deletion(-)
[master 4b28d4d] Commit web-crawler
 3 files changed, 13 insertions(+), 5 deletions(-)
[master f476b79] Commit web-crawler
 2 files changed, 3 insertions(+), 1 deletion(-)
[master a346811] Commit web-crawler
 2 files changed, 3 insertions(+), 1 deletion(-)
[master 524a663] Commit web-crawler
 2 files changed, 3 insertions(+), 1 deletion(-)
[master 9333f8a] Commit web-crawler
 2 files changed, 3 insertions(+), 1 deletion(-)
[master cc9dfe7] Commit web-crawler
 2 files changed, 3 insertions(+), 1 deletion(-)
[master fd77a44] Commit web-crawler
 2 files changed, 3 insertions(+), 1 deletion(-)
[master 62a918a] Commit web-crawler
 2 files changed, 4 insertions(+), 2 deletions(-)
[master 0fe6518] Commit web-crawler
 1 file changed, 2 insertions(+)
[master 12c8c07] Commit web-crawler
 2 files changed, 3 insertions(+)
[master 70b0df1] Commit web-crawler
 2 files changed, 4 insertions(+)
[master e31c2e2] Commit web-crawler
 2 files changed, 3 insertions(+), 1 deletion(-)
[master 646dec1] Commit web-crawler
 2 files changed, 3 insertions(+)
[master abd95d4] Commit web-crawler
 2 files changed, 4 insertions(+), 2 deletions(-)
[master 88f899c] Commit web-crawler
 2 files changed, 4 insertions(+), 5 deletions(-)
[master 6fbd4a0] Commit web-crawler
 2 files changed, 4 insertions(+), 2 deletions(-)
[master a1e9a3a] Commit web-crawler
 2 files changed, 4 insertions(+), 2 deletions(-)
[master 0f26f4d] Commit web-crawler
 2 files changed, 4 insertions(+), 2 deletions(-)
[master f90df23] Commit web-crawler
 2 files changed, 4 insertions(+), 2 deletions(-)
[master db4aca2] Commit web-crawler
 2 files changed, 4 insertions(+), 2 deletions(-)
[master e4b693e] Commit web-crawler
 2 files changed, 5 insertions(+), 3 deletions(-)
[master 8c6ea7f] Commit web-crawler
 2 files changed, 3 insertions(+), 1 deletion(-)
[master d8de7bf] Commit web-crawler
 2 files changed, 3 insertions(+), 1 deletion(-)
[master a82421b] Commit web-crawler
 2 files changed, 3 insertions(+)
[master e0d765a] Commit web-crawler
 2 files changed, 3 insertions(+), 1 deletion(-)
[master af5e38e] Commit web-crawler
 2 files changed, 3 insertions(+), 1 deletion(-)
[master 711f6e5] Commit web-crawler
 2 files changed, 3 insertions(+)
[master 0cf8ac5] Commit web-crawler
 2 files changed, 3 insertions(+), 1 deletion(-)
[master e9bbda1] Commit web-crawler
 2 files changed, 3 insertions(+), 1 deletion(-)
[master cc5d37d] Commit web-crawler
 2 files changed, 3 insertions(+)
[master 560588c] Commit web-crawler
 2 files changed, 3 insertions(+), 1 deletion(-)
[master 76a48d3] Commit web-crawler
 2 files changed, 3 insertions(+), 1 deletion(-)
[master 8deb7fc] Commit web-crawler
 2 files changed, 3 insertions(+), 1 deletion(-)
[master 0cfbe08] Commit web-crawler
 2 files changed, 3 insertions(+), 1 deletion(-)
[master 6c94945] Commit web-crawler
 2 files changed, 4 insertions(+), 2 deletions(-)
[master c203b5f] Commit web-crawler
 2 files changed, 3 insertions(+), 1 deletion(-)
[master 5abe626] Commit web-crawler
 2 files changed, 3 insertions(+), 1 deletion(-)
[master f401c3c] Commit web-crawler
 2 files changed, 3 insertions(+), 1 deletion(-)
[master 3621879] Commit web-crawler
 2 files changed, 4 insertions(+), 2 deletions(-)
[master 7fe3f9f] Commit web-crawler
 2 files changed, 3 insertions(+), 1 deletion(-)
[master d3f4fbd] Commit web-crawler
 2 files changed, 5 insertions(+), 1 deletion(-)
[master d31d5cd] Commit web-crawler
 2 files changed, 3 insertions(+), 1 deletion(-)
[master b75852a] Commit web-crawler
 2 files changed, 3 insertions(+), 1 deletion(-)
[master 816ee8c] Commit web-crawler
 2 files changed, 3 insertions(+), 1 deletion(-)
[master 3e0e5cd] Commit web-crawler
 2 files changed, 4 insertions(+), 2 deletions(-)
[master feea45b] Commit web-crawler
 2 files changed, 3 insertions(+)
[master fa29333] Commit web-crawler
 2 files changed, 3 insertions(+), 1 deletion(-)
[master b24bf11] Commit web-crawler
 2 files changed, 4 insertions(+)
[master d17fa14] Commit web-crawler
 2 files changed, 3 insertions(+), 4 deletions(-)
[master a0579a9] Commit web-crawler
 2 files changed, 3 insertions(+), 2 deletions(-)
[master debb478] Commit web-crawler
 2 files changed, 3 insertions(+), 1 deletion(-)
[master a87a72e] Commit web-crawler
 2 files changed, 3 insertions(+), 1 deletion(-)
[master a7821b8] Commit web-crawler
 3 files changed, 13 insertions(+), 2 deletions(-)
[master 6a9e6b3] Commit web-crawler
 2 files changed, 5 insertions(+), 16 deletions(-)
[master 282df54] Commit web-crawler
 2 files changed, 3 insertions(+), 1 deletion(-)
[master 3d3f258] Commit web-crawler
 2 files changed, 3 insertions(+), 1 deletion(-)
[master 3b67e3c] Commit web-crawler
 2 files changed, 3 insertions(+), 1 deletion(-)
[master b31fc54] Commit web-crawler
 2 files changed, 5 insertions(+), 3 deletions(-)
[master a73c68e] Commit web-crawler
 2 files changed, 3 insertions(+), 1 deletion(-)
[master 88ece0c] Commit web-crawler
 2 files changed, 2 insertions(+), 1 deletion(-)
[master 5a23315] Commit web-crawler
 1 file changed, 2 insertions(+)
[master 1732808] Commit web-crawler
 2 files changed, 3 insertions(+), 1 deletion(-)
[master 53017f6] Commit web-crawler
 2 files changed, 2 insertions(+), 2 deletions(-)
[master d276c6b] Commit web-crawler
 1 file changed, 2 insertions(+)
[master 750c4b1] Commit web-crawler
 2 files changed, 3 insertions(+)
[master 6cea584] Commit web-crawler
 2 files changed, 4 insertions(+), 2 deletions(-)
[master 410610e] Commit web-crawler
 2 files changed, 3 insertions(+), 3 deletions(-)
[master a6b6634] Commit web-crawler
 2 files changed, 3 insertions(+), 1 deletion(-)
[master 77bf1f9] Commit web-crawler
 2 files changed, 3 insertions(+), 1 deletion(-)
[master 0fd3468] Commit web-crawler
 2 files changed, 3 insertions(+), 1 deletion(-)
[master edea918] Commit web-crawler
 2 files changed, 3 insertions(+), 1 deletion(-)
[master e3597d8] Commit web-crawler
 2 files changed, 3 insertions(+), 1 deletion(-)
[master 1097aa4] Commit web-crawler
 2 files changed, 3 insertions(+), 1 deletion(-)
[master fbbbad2] Commit web-crawler
 2 files changed, 3 insertions(+), 1 deletion(-)
[master df9d2c0] Commit web-crawler
 2 files changed, 3 insertions(+), 1 deletion(-)
[master 628a097] Commit web-crawler
 2 files changed, 3 insertions(+), 1 deletion(-)
[master b2ca743] Commit web-crawler
 2 files changed, 4 insertions(+), 2 deletions(-)
[master 3be69ad] Commit web-crawler
 1 file changed, 2 insertions(+)
[master 3c06e5e] Commit web-crawler
 2 files changed, 3 insertions(+), 1 deletion(-)
[master 3555902] Commit web-crawler
 2 files changed, 2 insertions(+), 1 deletion(-)
[master 6ec363e] Commit web-crawler
 2 files changed, 6 insertions(+), 2 deletions(-)
[master d63eaf6] Commit web-crawler
 2 files changed, 3 insertions(+), 1 deletion(-)
[master 9f709c4] Commit web-crawler
 2 files changed, 91 insertions(+), 1 deletion(-)
[master ffa1cae] Commit web-crawler
 2 files changed, 4 insertions(+)
[master 1f22e02] Commit web-crawler
 2 files changed, 11 insertions(+), 7 deletions(-)
[master 5af3759] Commit web-crawler
 2 files changed, 3 insertions(+), 1 deletion(-)
[master 02e73a6] Commit web-crawler
 1 file changed, 2 insertions(+)
[master 94f4a1f] Commit web-crawler
 2 files changed, 5 insertions(+), 18 deletions(-)
[master 5ad6097] Commit web-crawler
 2 files changed, 3 insertions(+), 14 deletions(-)
[master 4aa1574] Commit web-crawler
 2 files changed, 3 insertions(+), 1 deletion(-)
[master b77b808] Commit web-crawler
 2 files changed, 3 insertions(+), 1 deletion(-)
[master f508c40] Commit web-crawler
 2 files changed, 3 insertions(+), 1 deletion(-)
[master d889745] Commit web-crawler
 2 files changed, 3 insertions(+)
[master 6f6a40f] Commit web-crawler
 2 files changed, 3 insertions(+)
[master cc401b7] Commit web-crawler
 2 files changed, 3 insertions(+), 1 deletion(-)
[master dd01988] Commit web-crawler
 2 files changed, 3 insertions(+), 1 deletion(-)
[master 07fd286] Commit web-crawler
 2 files changed, 4 insertions(+), 2 deletions(-)
[master e5e98a1] Commit web-crawler
 2 files changed, 4 insertions(+), 2 deletions(-)
[master 2c36d7a] Commit web-crawler
 2 files changed, 3 insertions(+), 1 deletion(-)
[master f7d7f40] Commit web-crawler
 2 files changed, 3 insertions(+), 1 deletion(-)
[master 25e8c26] Commit web-crawler
 2 files changed, 3 insertions(+), 1 deletion(-)
[master 378add0] Commit web-crawler
 2 files changed, 3 insertions(+), 1 deletion(-)
[master 25b1f04] Commit web-crawler
 2 files changed, 5 insertions(+), 3 deletions(-)
[master b2967a6] Commit web-crawler
 2 files changed, 3 insertions(+), 1 deletion(-)
[master fb981ed] Commit web-crawler
 2 files changed, 4 insertions(+), 2 deletions(-)
[master d010430] Commit web-crawler
 2 files changed, 6 insertions(+), 2 deletions(-)
[master 3a6d985] Commit web-crawler
 2 files changed, 3 insertions(+), 1 deletion(-)
[master ee28084] Commit web-crawler
 2 files changed, 3 insertions(+), 1 deletion(-)
[master e6875b7] Commit web-crawler
 2 files changed, 6 insertions(+), 6 deletions(-)
[master 00e9ddb] Commit web-crawler
 2 files changed, 21 insertions(+), 2 deletions(-)
[master 66606b2] Commit web-crawler
 2 files changed, 3 insertions(+), 1 deletion(-)
[master dd1c93b] Commit web-crawler
 2 files changed, 4 insertions(+)
[master 48eeee1] Commit web-crawler
 2 files changed, 4 insertions(+), 1 deletion(-)
[master 37d7df4] Commit web-crawler
 2 files changed, 3 insertions(+), 1 deletion(-)
[master bef3e85] Commit web-crawler
 2 files changed, 3 insertions(+), 1 deletion(-)
[master f90ed01] Commit web-crawler
 2 files changed, 3 insertions(+), 1 deletion(-)
[master 16ecccf] Commit web-crawler
 3 files changed, 12 insertions(+), 8 deletions(-)
[master c78399f] Commit web-crawler
 2 files changed, 3 insertions(+), 1 deletion(-)
[master 21c8a1a] Commit web-crawler
 2 files changed, 3 insertions(+), 1 deletion(-)
[master 2402eb1] Commit web-crawler
 2 files changed, 3 insertions(+), 1 deletion(-)
[master 09d61b0] Commit web-crawler
 2 files changed, 3 insertions(+), 1 deletion(-)
[master 806a96f] Commit web-crawler
 2 files changed, 4 insertions(+), 2 deletions(-)
[master 83dca9f] Commit web-crawler
 2 files changed, 3 insertions(+), 1 deletion(-)
[master 6d55a2b] Commit web-crawler
 2 files changed, 4 insertions(+), 1 deletion(-)
[master 6500d07] Commit web-crawler
 2 files changed, 10 insertions(+), 8 deletions(-)
[master 8c5ef6f] Commit web-crawler
 2 files changed, 3 insertions(+), 1 deletion(-)
[master d9024ce] Commit web-crawler
 2 files changed, 5 insertions(+), 3 deletions(-)
[master ab0bc87] Commit web-crawler
 2 files changed, 3 insertions(+), 1 deletion(-)
[master 1afc9d0] Commit web-crawler
 2 files changed, 3 insertions(+), 1 deletion(-)
[master 37e3f4f] Commit web-crawler
 2 files changed, 3 insertions(+), 1 deletion(-)
[master b714e6b] Commit web-crawler
 2 files changed, 3 insertions(+), 19 deletions(-)
[master b5aeff0] Commit web-crawler
 2 files changed, 19 insertions(+), 8 deletions(-)
[master c2caa87] Commit web-crawler
 2 files changed, 3 insertions(+), 1 deletion(-)
[master 1cb93df] Commit web-crawler
 2 files changed, 4 insertions(+), 2 deletions(-)
[master 3edff91] Commit web-crawler
 2 files changed, 3 insertions(+), 1 deletion(-)
[master 51bd5f8] Commit web-crawler
 2 files changed, 2 insertions(+), 1 deletion(-)
[master b1792d0] Commit web-crawler
 2 files changed, 5 insertions(+), 1 deletion(-)
[master 810dbb8] Commit web-crawler
 1 file changed, 2 insertions(+)
[master 6bbc8f1] Commit web-crawler
 2 files changed, 4 insertions(+), 2 deletions(-)
[master 0c03a02] Commit web-crawler
 2 files changed, 5 insertions(+), 3 deletions(-)
[master ecbcaf1] Commit web-crawler
 1 file changed, 2 insertions(+)
[master 3b640f5] Commit web-crawler
 3 files changed, 6 insertions(+), 3 deletions(-)
[master 0290121] Commit web-crawler
 1 file changed, 2 insertions(+)
[master 01a1874] Commit web-crawler
 2 files changed, 3 insertions(+), 1 deletion(-)
[master 43f0d3a] Commit web-crawler
 3 files changed, 6 insertions(+), 4 deletions(-)
[master 48bb83c] Commit web-crawler
 2 files changed, 3 insertions(+), 8 deletions(-)
[master 6ef41df] Commit web-crawler
 2 files changed, 5 insertions(+)
[master ad45f8d] Commit web-crawler
 2 files changed, 3 insertions(+)
[master c37074b] Commit web-crawler
 2 files changed, 4 insertions(+), 2 deletions(-)
[master 103710f] Commit web-crawler
 2 files changed, 4 insertions(+), 2 deletions(-)
[master 606cd88] Commit web-crawler
 2 files changed, 4 insertions(+), 1 deletion(-)
[master 5e65f15] Commit web-crawler
 3 files changed, 8 insertions(+), 6 deletions(-)
[master cb2e1e7] Commit web-crawler
 2 files changed, 3 insertions(+), 1 deletion(-)
[master 9098a4a] Commit web-crawler
 2 files changed, 3 insertions(+), 1 deletion(-)
[master f2f6aa4] Commit web-crawler
 2 files changed, 17 insertions(+), 13 deletions(-)
[master 230f695] Commit web-crawler
 2 files changed, 3 insertions(+), 1 deletion(-)
[master ffa4eb5] Commit web-crawler
 3 files changed, 4 insertions(+), 2 deletions(-)
[master 23543dd] Commit web-crawler
 2 files changed, 3 insertions(+), 1 deletion(-)
[master e9764e9] Commit web-crawler
 2 files changed, 3 insertions(+), 1 deletion(-)
[master 7aa2fdc] Commit web-crawler
 2 files changed, 3 insertions(+), 1 deletion(-)
[master f86d5ed] Commit web-crawler
 2 files changed, 3 insertions(+), 1 deletion(-)
[master ceb026f] Commit web-crawler
 2 files changed, 3 insertions(+), 1 deletion(-)
[master 656db14] Commit web-crawler
 1 file changed, 2 insertions(+)
[master f3d5df2] Commit web-crawler
 2 files changed, 7 insertions(+), 2 deletions(-)
